18:13:11 Loading judge 4-bit…
18:13:28 Building dataset from data/gold.jsonl…
18:13:35   perceived samples/sample_r1c1.jpg
18:13:35 PROGRESS phase=build done=1 total=120
18:13:41   perceived samples/sample_r1c2.jpg
18:13:41 PROGRESS phase=build done=2 total=120
18:13:46   perceived samples/sample_r1c3.jpg
18:13:46 PROGRESS phase=build done=3 total=120
18:13:52   perceived samples/sample_r1c4.jpg
18:13:52 PROGRESS phase=build done=4 total=120
18:13:59   perceived samples/sample_r1c5.jpg
18:13:59 PROGRESS phase=build done=5 total=120
18:14:04   perceived samples/sample_r1c6.jpg
18:14:04 PROGRESS phase=build done=6 total=120
18:14:10   perceived samples/sample_r2c1.jpg
18:14:10 PROGRESS phase=build done=7 total=120
18:14:15   perceived samples/sample_r2c2.jpg
18:14:15 PROGRESS phase=build done=8 total=120
18:14:20   perceived samples/sample_r2c3.jpg
18:14:20 PROGRESS phase=build done=9 total=120
18:14:26   perceived samples/sample_r2c4.jpg
18:14:26 PROGRESS phase=build done=10 total=120
18:14:31   perceived samples/sample_r2c5.jpg
18:14:31 PROGRESS phase=build done=11 total=120
18:14:37   perceived samples/sample_r2c6.jpg
18:14:37 PROGRESS phase=build done=12 total=120
18:14:43   perceived samples/sample_r3c1.jpg
18:14:43 PROGRESS phase=build done=13 total=120
18:14:49   perceived samples/sample_r3c2.jpg
18:14:49 PROGRESS phase=build done=14 total=120
18:14:54   perceived samples/sample_r3c3.jpg
18:14:54 PROGRESS phase=build done=15 total=120
18:15:02   perceived samples/sample_r3c4.jpg
18:15:02 PROGRESS phase=build done=16 total=120
18:15:09   perceived samples/sample_r3c5.jpg
18:15:09 PROGRESS phase=build done=17 total=120
18:15:14   perceived samples/sample_r3c6.jpg
18:15:14 PROGRESS phase=build done=18 total=120
18:15:20   perceived samples/sample_r4c1.jpg
18:15:20 PROGRESS phase=build done=19 total=120
18:15:25   perceived samples/sample_r4c2.jpg
18:15:25 PROGRESS phase=build done=20 total=120
18:15:30   perceived samples/sample_r4c3.jpg
18:15:30 PROGRESS phase=build done=21 total=120
18:15:35   perceived samples/sample_r4c4.jpg
18:15:35 PROGRESS phase=build done=22 total=120
18:15:41   perceived samples/sample_r4c5.jpg
18:15:41 PROGRESS phase=build done=23 total=120
18:15:46   perceived samples/sample_r4c6.jpg
18:15:46 PROGRESS phase=build done=24 total=120
18:15:51   perceived samples/sample_r5c1.jpg
18:15:51 PROGRESS phase=build done=25 total=120
18:15:57   perceived samples/sample_r5c2.jpg
18:15:57 PROGRESS phase=build done=26 total=120
18:16:01   perceived samples/sample_r5c3.jpg
18:16:01 PROGRESS phase=build done=27 total=120
18:16:07   perceived samples/sample_r5c4.jpg
18:16:07 PROGRESS phase=build done=28 total=120
18:16:13   perceived samples/sample_r5c5.jpg
18:16:13 PROGRESS phase=build done=29 total=120
18:16:18   perceived samples/sample_r5c6.jpg
18:16:18 PROGRESS phase=build done=30 total=120
18:16:24   perceived samples/b2_r1c1.jpg
18:16:24 PROGRESS phase=build done=31 total=120
18:16:29   perceived samples/b2_r1c2.jpg
18:16:29 PROGRESS phase=build done=32 total=120
18:16:34   perceived samples/b2_r1c3.jpg
18:16:34 PROGRESS phase=build done=33 total=120
18:16:41   perceived samples/b2_r1c4.jpg
18:16:41 PROGRESS phase=build done=34 total=120
18:16:46   perceived samples/b2_r1c5.jpg
18:16:46 PROGRESS phase=build done=35 total=120
18:16:52   perceived samples/b2_r1c6.jpg
18:16:52 PROGRESS phase=build done=36 total=120
18:16:57   perceived samples/b2_r2c1.jpg
18:16:57 PROGRESS phase=build done=37 total=120
18:17:02   perceived samples/b2_r2c2.jpg
18:17:02 PROGRESS phase=build done=38 total=120
18:17:07   perceived samples/b2_r2c3.jpg
18:17:07 PROGRESS phase=build done=39 total=120
18:17:13   perceived samples/b2_r2c4.jpg
18:17:13 PROGRESS phase=build done=40 total=120
18:17:20   perceived samples/b2_r2c5.jpg
18:17:20 PROGRESS phase=build done=41 total=120
18:17:25   perceived samples/b2_r2c6.jpg
18:17:25 PROGRESS phase=build done=42 total=120
18:17:31   perceived samples/b2_r3c1.jpg
18:17:31 PROGRESS phase=build done=43 total=120
18:17:36   perceived samples/b2_r3c2.jpg
18:17:36 PROGRESS phase=build done=44 total=120
18:17:41   perceived samples/b2_r3c3.jpg
18:17:41 PROGRESS phase=build done=45 total=120
18:17:47   perceived samples/b2_r3c4.jpg
18:17:47 PROGRESS phase=build done=46 total=120
18:17:52   perceived samples/b2_r3c5.jpg
18:17:52 PROGRESS phase=build done=47 total=120
18:17:58   perceived samples/b2_r3c6.jpg
18:17:58 PROGRESS phase=build done=48 total=120
18:18:04   perceived samples/b2_r4c1.jpg
18:18:04 PROGRESS phase=build done=49 total=120
18:18:09   perceived samples/b2_r4c2.jpg
18:18:09 PROGRESS phase=build done=50 total=120
18:18:14   perceived samples/b2_r4c3.jpg
18:18:14 PROGRESS phase=build done=51 total=120
18:18:20   perceived samples/b2_r4c4.jpg
18:18:20 PROGRESS phase=build done=52 total=120
18:18:24   perceived samples/b2_r4c5.jpg
18:18:24 PROGRESS phase=build done=53 total=120
18:18:29   perceived samples/b2_r4c6.jpg
18:18:29 PROGRESS phase=build done=54 total=120
18:18:35   perceived samples/b2_r5c1.jpg
18:18:35 PROGRESS phase=build done=55 total=120
18:18:40   perceived samples/b2_r5c2.jpg
18:18:40 PROGRESS phase=build done=56 total=120
18:18:46   perceived samples/b2_r5c3.jpg
18:18:46 PROGRESS phase=build done=57 total=120
18:18:52   perceived samples/b2_r5c4.jpg
18:18:52 PROGRESS phase=build done=58 total=120
18:18:57   perceived samples/b2_r5c5.jpg
18:18:57 PROGRESS phase=build done=59 total=120
18:19:02   perceived samples/b2_r5c6.jpg
18:19:02 PROGRESS phase=build done=60 total=120
18:19:07   perceived samples/b3_r1c1.jpg
18:19:07 PROGRESS phase=build done=61 total=120
18:19:13   perceived samples/b3_r1c2.jpg
18:19:13 PROGRESS phase=build done=62 total=120
18:19:18   perceived samples/b3_r1c3.jpg
18:19:18 PROGRESS phase=build done=63 total=120
18:19:24   perceived samples/b3_r1c4.jpg
18:19:24 PROGRESS phase=build done=64 total=120
18:19:30   perceived samples/b3_r1c5.jpg
18:19:30 PROGRESS phase=build done=65 total=120
18:19:36   perceived samples/b3_r1c6.jpg
18:19:36 PROGRESS phase=build done=66 total=120
18:19:42   perceived samples/b3_r2c1.jpg
18:19:42 PROGRESS phase=build done=67 total=120
18:19:48   perceived samples/b3_r2c2.jpg
18:19:48 PROGRESS phase=build done=68 total=120
18:19:53   perceived samples/b3_r2c3.jpg
18:19:53 PROGRESS phase=build done=69 total=120
18:19:58   perceived samples/b3_r2c4.jpg
18:19:58 PROGRESS phase=build done=70 total=120
18:20:04   perceived samples/b3_r2c5.jpg
18:20:04 PROGRESS phase=build done=71 total=120
18:20:08   perceived samples/b3_r2c6.jpg
18:20:08 PROGRESS phase=build done=72 total=120
18:20:14   perceived samples/b3_r3c1.jpg
18:20:14 PROGRESS phase=build done=73 total=120
18:20:19   perceived samples/b3_r3c2.jpg
18:20:19 PROGRESS phase=build done=74 total=120
18:20:25   perceived samples/b3_r3c3.jpg
18:20:25 PROGRESS phase=build done=75 total=120
18:20:32   perceived samples/b3_r3c4.jpg
18:20:32 PROGRESS phase=build done=76 total=120
18:20:39   perceived samples/b3_r3c5.jpg
18:20:39 PROGRESS phase=build done=77 total=120
18:20:44   perceived samples/b3_r3c6.jpg
18:20:44 PROGRESS phase=build done=78 total=120
18:20:49   perceived samples/b3_r4c1.jpg
18:20:49 PROGRESS phase=build done=79 total=120
18:20:54   perceived samples/b3_r4c2.jpg
18:20:54 PROGRESS phase=build done=80 total=120
18:21:00   perceived samples/b3_r4c3.jpg
18:21:00 PROGRESS phase=build done=81 total=120
18:21:05   perceived samples/b3_r4c4.jpg
18:21:05 PROGRESS phase=build done=82 total=120
18:21:10   perceived samples/b3_r4c5.jpg
18:21:10 PROGRESS phase=build done=83 total=120
18:21:16   perceived samples/b3_r4c6.jpg
18:21:16 PROGRESS phase=build done=84 total=120
18:21:21   perceived samples/b3_r5c1.jpg
18:21:21 PROGRESS phase=build done=85 total=120
18:21:28   perceived samples/b3_r5c2.jpg
18:21:28 PROGRESS phase=build done=86 total=120
18:21:34   perceived samples/b3_r5c3.jpg
18:21:34 PROGRESS phase=build done=87 total=120
18:21:39   perceived samples/b3_r5c4.jpg
18:21:39 PROGRESS phase=build done=88 total=120
18:21:44   perceived samples/b3_r5c5.jpg
18:21:44 PROGRESS phase=build done=89 total=120
18:21:49   perceived samples/b3_r5c6.jpg
18:21:49 PROGRESS phase=build done=90 total=120
18:21:55   perceived samples/b4_r1c1.jpg
18:21:55 PROGRESS phase=build done=91 total=120
18:22:01   perceived samples/b4_r1c2.jpg
18:22:01 PROGRESS phase=build done=92 total=120
18:22:08   perceived samples/b4_r1c3.jpg
18:22:08 PROGRESS phase=build done=93 total=120
18:22:15   perceived samples/b4_r1c4.jpg
18:22:15 PROGRESS phase=build done=94 total=120
18:22:20   perceived samples/b4_r1c5.jpg
18:22:20 PROGRESS phase=build done=95 total=120
18:22:25   perceived samples/b4_r1c6.jpg
18:22:25 PROGRESS phase=build done=96 total=120
18:22:31   perceived samples/b4_r2c1.jpg
18:22:31 PROGRESS phase=build done=97 total=120
18:22:36   perceived samples/b4_r2c2.jpg
18:22:36 PROGRESS phase=build done=98 total=120
18:22:42   perceived samples/b4_r2c3.jpg
18:22:42 PROGRESS phase=build done=99 total=120
18:22:48   perceived samples/b4_r2c4.jpg
18:22:48 PROGRESS phase=build done=100 total=120
18:22:54   perceived samples/b4_r2c5.jpg
18:22:54 PROGRESS phase=build done=101 total=120
18:22:59   perceived samples/b4_r2c6.jpg
18:22:59 PROGRESS phase=build done=102 total=120
18:23:06   perceived samples/b4_r3c1.jpg
18:23:06 PROGRESS phase=build done=103 total=120
18:23:11   perceived samples/b4_r3c2.jpg
18:23:11 PROGRESS phase=build done=104 total=120
18:23:17   perceived samples/b4_r3c3.jpg
18:23:17 PROGRESS phase=build done=105 total=120
18:23:23   perceived samples/b4_r3c4.jpg
18:23:23 PROGRESS phase=build done=106 total=120
18:23:30   perceived samples/b4_r3c5.jpg
18:23:30 PROGRESS phase=build done=107 total=120
18:23:36   perceived samples/b4_r3c6.jpg
18:23:36 PROGRESS phase=build done=108 total=120
18:23:43   perceived samples/b4_r4c1.jpg
18:23:43 PROGRESS phase=build done=109 total=120
18:23:48   perceived samples/b4_r4c2.jpg
18:23:48 PROGRESS phase=build done=110 total=120
18:23:54   perceived samples/b4_r4c3.jpg
18:23:54 PROGRESS phase=build done=111 total=120
18:24:01   perceived samples/b4_r4c4.jpg
18:24:01 PROGRESS phase=build done=112 total=120
18:24:07   perceived samples/b4_r4c5.jpg
18:24:07 PROGRESS phase=build done=113 total=120
18:24:13   perceived samples/b4_r4c6.jpg
18:24:13 PROGRESS phase=build done=114 total=120
18:24:22   perceived samples/b4_r5c1.jpg
18:24:22 PROGRESS phase=build done=115 total=120
18:24:28   perceived samples/b4_r5c2.jpg
18:24:28 PROGRESS phase=build done=116 total=120
18:24:35   perceived samples/b4_r5c3.jpg
18:24:35 PROGRESS phase=build done=117 total=120
18:24:42   perceived samples/b4_r5c4.jpg
18:24:42 PROGRESS phase=build done=118 total=120
18:24:47   perceived samples/b4_r5c5.jpg
18:24:47 PROGRESS phase=build done=119 total=120
18:24:53   perceived samples/b4_r5c6.jpg
18:24:53 PROGRESS phase=build done=120 total=120
18:24:53 120 training examples
18:25:23 PROGRESS phase=train done=1 total=240
18:26:37 PROGRESS phase=train done=2 total=240
18:28:50 PROGRESS phase=train done=3 total=240
18:31:12 epoch 1/2 step 1 loss 2.691 vram 10.4GB
18:31:12 PROGRESS phase=train done=4 total=240
18:33:24 PROGRESS phase=train done=5 total=240
